--- adb starting (pid 5052) ---
adb I  5052  5052 main.cpp:78] Android Debug Bridge version 1.0.36
adb I  5052  5052 main.cpp:78] Revision af05c7354fe1-android
adb I  5052  5052 main.cpp:78] 
--- adb starting (pid 3249) ---
adb I  3249  3249 main.cpp:78] Android Debug Bridge version 1.0.36
adb I  3249  3249 main.cpp:78] Revision af05c7354fe1-android
adb I  3249  3249 main.cpp:78] 
--- adb starting (pid 3022) ---
adb I  3022  3022 main.cpp:78] Android Debug Bridge version 1.0.36
adb I  3022  3022 main.cpp:78] Revision af05c7354fe1-android
adb I  3022  3022 main.cpp:78] 
--- adb starting (pid 5427) ---
adb I  5427  5427 main.cpp:78] Android Debug Bridge version 1.0.36
adb I  5427  5427 main.cpp:78] Revision af05c7354fe1-android
adb I  5427  5427 main.cpp:78] 
--- adb starting (pid 3405) ---
adb I  3405  3405 main.cpp:78] Android Debug Bridge version 1.0.36
adb I  3405  3405 main.cpp:78] Revision af05c7354fe1-android
adb I  3405  3405 main.cpp:78] 
--- adb starting (pid 3589) ---
adb I  3589  3589 main.cpp:78] Android Debug Bridge version 1.0.36
adb I  3589  3589 main.cpp:78] Revision af05c7354fe1-android
adb I  3589  3589 main.cpp:78] 
--- adb starting (pid 5304) ---
adb I  5304  5304 main.cpp:78] Android Debug Bridge version 1.0.36
adb I  5304  5304 main.cpp:78] Revision af05c7354fe1-android
adb I  5304  5304 main.cpp:78] 
--- adb starting (pid 4842) ---
adb I  4842  4842 main.cpp:78] Android Debug Bridge version 1.0.36
adb I  4842  4842 main.cpp:78] Revision af05c7354fe1-android
adb I  4842  4842 main.cpp:78] 
--- adb starting (pid 2991) ---
adb I  2991  2991 main.cpp:78] Android Debug Bridge version 1.0.36
adb I  2991  2991 main.cpp:78] Revision af05c7354fe1-android
adb I  2991  2991 main.cpp:78] 
--- adb starting (pid 14144) ---
adb I 14144 14144 main.cpp:78] Android Debug Bridge version 1.0.36
adb I 14144 14144 main.cpp:78] Revision af05c7354fe1-android
adb I 14144 14144 main.cpp:78] 
--- adb starting (pid 7223) ---
adb I  7223  7223 main.cpp:78] Android Debug Bridge version 1.0.36
adb I  7223  7223 main.cpp:78] Revision af05c7354fe1-android
adb I  7223  7223 main.cpp:78] 
